<?xml version="1.0" encoding="UTF-8"?>
<!-- Generated by org.testng.reporters.JUnitReportReporter -->
<testsuite hostname="LAPTOP-MON0G8P2" failures="0" tests="1" name="test_Cases.TC008_AddToCart" time="23.801" errors="0" timestamp="2024-07-19T03:43:02 IST" skipped="0">
  <testcase classname="test_Cases.TC008_AddToCart" name="AddToCart" time="23.801"/>
</testsuite> <!-- test_Cases.TC008_AddToCart -->
