<?xml version="1.0" encoding="UTF-8"?>
<!-- Generated by org.testng.reporters.JUnitReportReporter -->
<testsuite hostname="LAPTOP-MON0G8P2" failures="0" tests="1" name="test_Cases.TC022_VerifyPasswordResetFunctionality" time="6.119" errors="0" timestamp="2024-07-19T11:20:12 IST" skipped="0">
  <testcase classname="test_Cases.TC022_VerifyPasswordResetFunctionality" name="VerifyPasswordResetFunctionality" time="6.119"/>
</testsuite> <!-- test_Cases.TC022_VerifyPasswordResetFunctionality -->
