<?xml version="1.0" encoding="UTF-8"?>
<!-- Generated by org.testng.reporters.JUnitReportReporter -->
<testsuite hostname="LAPTOP-MON0G8P2" failures="0" tests="3" name="test_Cases.TC018_VerifyInvalidSearch" time="8.739" errors="0" timestamp="2024-07-19T09:51:27 IST" skipped="0">
  <testcase classname="test_Cases.TC018_VerifyInvalidSearch" name="verifyNoResultsForInvalidQueries" time="2.950"/>
  <testcase classname="test_Cases.TC018_VerifyInvalidSearch" name="verifyNoResultsForInvalidQueries" time="2.632"/>
  <testcase classname="test_Cases.TC018_VerifyInvalidSearch" name="verifyNoResultsForInvalidQueries" time="3.157"/>
</testsuite> <!-- test_Cases.TC018_VerifyInvalidSearch -->
