<?xml version="1.0" encoding="UTF-8"?>
<!-- Generated by org.testng.reporters.JUnitReportReporter -->
<testsuite hostname="LAPTOP-MON0G8P2" failures="0" tests="1" name="test_Cases.TC021_Create_Accoun" time="6.562" errors="0" timestamp="2024-07-19T11:17:04 IST" skipped="0">
  <testcase classname="test_Cases.TC021_Create_Accoun" name="Create_Account" time="6.562"/>
</testsuite> <!-- test_Cases.TC021_Create_Accoun -->
