<?xml version="1.0" encoding="UTF-8"?>
<!-- Generated by org.testng.reporters.JUnitReportReporter -->
<testsuite hostname="LAPTOP-MON0G8P2" failures="0" tests="1" name="test_Cases.TC002_SearchBox_Functionality" time="6.127" errors="0" timestamp="2024-07-19T03:18:44 IST" skipped="0">
  <testcase classname="test_Cases.TC002_SearchBox_Functionality" name="SearchBox_Functionality" time="6.127"/>
</testsuite> <!-- test_Cases.TC002_SearchBox_Functionality -->
