<?xml version="1.0" encoding="UTF-8"?>
<!-- Generated by org.testng.reporters.JUnitReportReporter -->
<testsuite hostname="LAPTOP-MON0G8P2" failures="0" tests="3" name="test_Cases.TC019_verifyLoginWithValidCredentials" time="71.430" errors="0" timestamp="2024-07-19T09:55:29 IST" skipped="0">
  <testcase classname="test_Cases.TC019_verifyLoginWithValidCredentials" name="verifyLoginWithValidCredentials" time="24.439"/>
  <testcase classname="test_Cases.TC019_verifyLoginWithValidCredentials" name="verifyLoginWithValidCredentials" time="24.061"/>
  <testcase classname="test_Cases.TC019_verifyLoginWithValidCredentials" name="verifyLoginWithValidCredentials" time="22.930"/>
</testsuite> <!-- test_Cases.TC019_verifyLoginWithValidCredentials -->
