<?xml version="1.0" encoding="UTF-8"?>
<!-- Generated by org.testng.reporters.JUnitReportReporter -->
<testsuite hostname="LAPTOP-MON0G8P2" failures="0" tests="1" name="test_Cases.TC010_UpdateCartTest" time="56.545" errors="0" timestamp="2024-07-19T03:49:29 IST" skipped="0">
  <testcase classname="test_Cases.TC010_UpdateCartTest" name="UpdateCartTest" time="56.545"/>
</testsuite> <!-- test_Cases.TC010_UpdateCartTest -->
