<?xml version="1.0" encoding="UTF-8"?>
<!-- Generated by org.testng.reporters.JUnitReportReporter -->
<testsuite hostname="LAPTOP-MON0G8P2" failures="0" tests="1" name="test_Cases.TC003_FilterByCategory" time="7.290" errors="0" timestamp="2024-07-19T03:21:03 IST" skipped="0">
  <testcase classname="test_Cases.TC003_FilterByCategory" name="FilterByCategory" time="7.290"/>
</testsuite> <!-- test_Cases.TC003_FilterByCategory -->
