<?xml version="1.0" encoding="UTF-8"?>
<!-- Generated by org.testng.reporters.JUnitReportReporter -->
<testsuite hostname="LAPTOP-MON0G8P2" failures="0" tests="1" name="test_Cases.TC015_verifyPaymentGatewayIntegratio" time="100.834" errors="0" timestamp="2024-07-19T09:05:25 IST" skipped="0">
  <testcase classname="test_Cases.TC015_verifyPaymentGatewayIntegratio" name="verifyPaymentGatewayIntegration" time="100.834"/>
</testsuite> <!-- test_Cases.TC015_verifyPaymentGatewayIntegratio -->
