<?xml version="1.0" encoding="UTF-8"?>
<!-- Generated by org.testng.reporters.JUnitReportReporter -->
<testsuite hostname="LAPTOP-MON0G8P2" failures="0" tests="1" name="test_Cases.TC016_VerifyOrderConfirmationPage" time="80.280" errors="0" timestamp="2024-07-19T09:47:30 IST" skipped="0">
  <testcase classname="test_Cases.TC016_VerifyOrderConfirmationPage" name="VerifyOrderConfirmationPage" time="80.280"/>
</testsuite> <!-- test_Cases.TC016_VerifyOrderConfirmationPage -->
