<?xml version="1.0" encoding="UTF-8"?>
<!-- Generated by org.testng.reporters.JUnitReportReporter -->
<testsuite hostname="LAPTOP-MON0G8P2" failures="0" tests="1" name="test_Cases.TC023_TestWishlistFunctionalit" time="28.279" errors="0" timestamp="2024-07-19T11:22:43 IST" skipped="0">
  <testcase classname="test_Cases.TC023_TestWishlistFunctionalit" name="TestWishlistFunctionality" time="28.279"/>
</testsuite> <!-- test_Cases.TC023_TestWishlistFunctionalit -->
