<?xml version="1.0" encoding="UTF-8"?>
<!-- Generated by org.testng.reporters.JUnitReportReporter -->
<testsuite hostname="LAPTOP-MON0G8P2" failures="0" tests="1" name="LumaWebSiteTestCases.CreateAccountTC01" time="32.357" errors="0" timestamp="2024-07-14T12:18:01 IST" skipped="0">
  <testcase classname="LumaWebSiteTestCases.CreateAccountTC01" name="CreateAccountTestCase" time="32.357"/>
</testsuite> <!-- LumaWebSiteTestCases.CreateAccountTC01 -->
