<?xml version="1.0" encoding="UTF-8"?>
<!-- Generated by org.testng.reporters.JUnitReportReporter -->
<testsuite hostname="LAPTOP-MON0G8P2" failures="0" tests="3" name="test_Cases.TC020_VerifyLoginWIthInValidCredentials" time="54.339" errors="0" timestamp="2024-07-19T10:02:07 IST" skipped="0">
  <testcase classname="test_Cases.TC020_VerifyLoginWIthInValidCredentials" name="verifyLoginWithInValidCredentials" time="18.429"/>
  <testcase classname="test_Cases.TC020_VerifyLoginWIthInValidCredentials" name="verifyLoginWithInValidCredentials" time="17.679"/>
  <testcase classname="test_Cases.TC020_VerifyLoginWIthInValidCredentials" name="verifyLoginWithInValidCredentials" time="18.231"/>
</testsuite> <!-- test_Cases.TC020_VerifyLoginWIthInValidCredentials -->
