<?xml version="1.0" encoding="UTF-8"?>
<!-- Generated by org.testng.reporters.JUnitReportReporter -->
<testsuite hostname="LAPTOP-MON0G8P2" failures="0" tests="1" name="test_Cases.TC025_ProductReviewTes" time="31.430" errors="0" timestamp="2024-07-19T11:27:55 IST" skipped="0">
  <testcase classname="test_Cases.TC025_ProductReviewTes" name="ProductReviewTest" time="31.430"/>
</testsuite> <!-- test_Cases.TC025_ProductReviewTes -->
